  main.cpp
main.obj : error LNK2001: unresolved external symbol "class cv::MatExpr __cdecl cv::operator&(class cv::Mat const &,class cv::Mat const &)" (??Icv@@YA?AVMatExpr@0@AEBVMat@0@0@Z)
main.obj : error LNK2001: unresolved external symbol "void __cdecl cv::dilate(class cv::_InputArray const &,class cv::_OutputArray const &,class cv::_InputArray const &,class cv::Point_<int>,int,int,class cv::Scalar_<double> const &)" (?dilate@cv@@YAXAEBV_InputArray@1@AEBV_OutputArray@1@0V?$Point_@H@1@HHAEBV?$Scalar_@N@1@@Z)
main.obj : error LNK2001: unresolved external symbol "bool __cdecl cv::imwrite(class std::basic_string<char,struct std::char_traits<char>,class std::allocator<char> > const &,class cv::_InputArray const &,class std::vector<int,class std::allocator<int> > const &)" (?imwrite@cv@@YA_NAEBV?$basic_string@DU?$char_traits@D@std@@V?$allocator@D@2@@std@@AEBV_InputArray@1@AEBV?$vector@HV?$allocator@H@std@@@3@@Z)
main.obj : error LNK2001: unresolved external symbol "public: void __cdecl cv::Mat::copySize(class cv::Mat const &)" (?copySize@Mat@cv@@QEAAXAEBV12@@Z)
main.obj : error LNK2001: unresolved external symbol "public: void __cdecl cv::Mat::deallocate(void)" (?deallocate@Mat@cv@@QEAAXXZ)
main.obj : error LNK2001: unresolved external symbol "public: void __cdecl cv::Mat::create(int,int const *,int)" (?create@Mat@cv@@QEAAXHPEBHH@Z)
main.obj : error LNK2001: unresolved external symbol "public: static class cv::MatExpr __cdecl cv::Mat::ones(int,int,int)" (?ones@Mat@cv@@SA?AVMatExpr@2@HHH@Z)
main.obj : error LNK2001: unresolved external symbol "public: static class cv::MatExpr __cdecl cv::Mat::zeros(int,int,int)" (?zeros@Mat@cv@@SA?AVMatExpr@2@HHH@Z)
main.obj : error LNK2001: unresolved external symbol "public: class cv::Mat __cdecl cv::Mat::reshape(int,int,int const *)const " (?reshape@Mat@cv@@QEBA?AV12@HHPEBH@Z)
main.obj : error LNK2001: unresolved external symbol "public: class cv::Mat & __cdecl cv::Mat::setTo(class cv::_InputArray const &,class cv::_InputArray const &)" (?setTo@Mat@cv@@QEAAAEAV12@AEBV_InputArray@2@0@Z)
main.obj : error LNK2001: unresolved external symbol "public: void __cdecl cv::Mat::convertTo(class cv::_OutputArray const &,int,double,double)const " (?convertTo@Mat@cv@@QEBAXAEBV_OutputArray@2@HNN@Z)
main.obj : error LNK2001: unresolved external symbol "public: void __cdecl cv::Mat::copyTo(class cv::_OutputArray const &)const " (?copyTo@Mat@cv@@QEBAXAEBV_OutputArray@2@@Z)
main.obj : error LNK2001: unresolved external symbol "class cv::_InputOutputArray const & __cdecl cv::noArray(void)" (?noArray@cv@@YAAEBV_InputOutputArray@1@XZ)
main.obj : error LNK2001: unresolved external symbol "public: void __cdecl cv::_OutputArray::create(class cv::Size_<int>,int,int,bool,enum cv::_OutputArray::DepthMask)const " (?create@_OutputArray@cv@@QEBAXV?$Size_@H@2@HH_NW4DepthMask@12@@Z)
main.obj : error LNK2001: unresolved external symbol "public: void __cdecl cv::_OutputArray::create(int,int,int,int,bool,enum cv::_OutputArray::DepthMask)const " (?create@_OutputArray@cv@@QEBAXHHHH_NW4DepthMask@12@@Z)
main.obj : error LNK2001: unresolved external symbol "public: void __cdecl cv::UMat::create(int,int const *,int,enum cv::UMatUsageFlags)" (?create@UMat@cv@@QEAAXHPEBHHW4UMatUsageFlags@2@@Z)
main.obj : error LNK2001: unresolved external symbol "public: class cv::UMat & __cdecl cv::UMat::setTo(class cv::_InputArray const &,class cv::_InputArray const &)" (?setTo@UMat@cv@@QEAAAEAV12@AEBV_InputArray@2@0@Z)
main.obj : error LNK2001: unresolved external symbol "public: void __cdecl cv::UMat::convertTo(class cv::_OutputArray const &,int,double,double)const " (?convertTo@UMat@cv@@QEBAXAEBV_OutputArray@2@HNN@Z)
main.obj : error LNK2001: unresolved external symbol "public: __cdecl cv::UMat::~UMat(void)" (??1UMat@cv@@QEAA@XZ)
main.obj : error LNK2001: unresolved external symbol "void __cdecl cv::glob(class std::basic_string<char,struct std::char_traits<char>,class std::allocator<char> >,class std::vector<class std::basic_string<char,struct std::char_traits<char>,class std::allocator<char> >,class std::allocator<class std::basic_string<char,struct std::char_traits<char>,class std::allocator<char> > > > &,bool)" (?glob@cv@@YAXV?$basic_string@DU?$char_traits@D@std@@V?$allocator@D@2@@std@@AEAV?$vector@V?$basic_string@DU?$char_traits@D@std@@V?$allocator@D@2@@std@@V?$allocator@V?$basic_string@DU?$char_traits@D@std@@V?$allocator@D@2@@std@@@2@@3@_N@Z)
main.obj : error LNK2001: unresolved external symbol "void __cdecl cv::fastFree(void *)" (?fastFree@cv@@YAXPEAX@Z)
main.obj : error LNK2001: unresolved external symbol "class cv::Mat __cdecl cv::imread(class std::basic_string<char,struct std::char_traits<char>,class std::allocator<char> > const &,int)" (?imread@cv@@YA?AVMat@1@AEBV?$basic_string@DU?$char_traits@D@std@@V?$allocator@D@2@@std@@H@Z)
main.obj : error LNK2001: unresolved external symbol "void __cdecl cv::remap(class cv::_InputArray const &,class cv::_OutputArray const &,class cv::_InputArray const &,class cv::_InputArray const &,int,int,class cv::Scalar_<double> const &)" (?remap@cv@@YAXAEBV_InputArray@1@AEBV_OutputArray@1@00HHAEBV?$Scalar_@N@1@@Z)
main.obj : error LNK2001: unresolved external symbol "private: virtual void __cdecl cv::detail::BundleAdjusterRay::calcJacobian(class cv::Mat &)" (?calcJacobian@BundleAdjusterRay@detail@cv@@EEAAXAEAVMat@3@@Z)
main.obj : error LNK2001: unresolved external symbol "private: virtual void __cdecl cv::detail::BundleAdjusterRay::calcError(class cv::Mat &)" (?calcError@BundleAdjusterRay@detail@cv@@EEAAXAEAVMat@3@@Z)
main.obj : error LNK2001: unresolved external symbol "private: virtual void __cdecl cv::detail::BundleAdjusterRay::obtainRefinedCameraParams(class std::vector<struct cv::detail::CameraParams,class std::allocator<struct cv::detail::CameraParams> > &)const " (?obtainRefinedCameraParams@BundleAdjusterRay@detail@cv@@EEBAXAEAV?$vector@UCameraParams@detail@cv@@V?$allocator@UCameraParams@detail@cv@@@std@@@std@@@Z)
main.obj : error LNK2001: unresolved external symbol "private: virtual void __cdecl cv::detail::BundleAdjusterRay::setUpInitialCameraParams(class std::vector<struct cv::detail::CameraParams,class std::allocator<struct cv::detail::CameraParams> > const &)" (?setUpInitialCameraParams@BundleAdjusterRay@detail@cv@@EEAAXAEBV?$vector@UCameraParams@detail@cv@@V?$allocator@UCameraParams@detail@cv@@@std@@@std@@@Z)
main.obj : error LNK2001: unresolved external symbol "protected: virtual void __cdecl cv::detail::SphericalWarper::detectResultRoi(class cv::Size_<int>,class cv::Point_<int> &,class cv::Point_<int> &)" (?detectResultRoi@SphericalWarper@detail@cv@@MEAAXV?$Size_@H@3@AEAV?$Point_@H@3@1@Z)
main.obj : error LNK2001: unresolved external symbol "public: virtual class cv::Point_<int> __cdecl cv::detail::SphericalWarper::warp(class cv::_InputArray const &,class cv::_InputArray const &,class cv::_InputArray const &,int,int,class cv::_OutputArray const &)" (?warp@SphericalWarper@detail@cv@@UEAA?AV?$Point_@H@3@AEBV_InputArray@3@00HHAEBV_OutputArray@3@@Z)
main.obj : error LNK2001: unresolved external symbol "public: virtual class cv::Rect_<int> __cdecl cv::detail::SphericalWarper::buildMaps(class cv::Size_<int>,class cv::_InputArray const &,class cv::_InputArray const &,class cv::_OutputArray const &,class cv::_OutputArray const &)" (?buildMaps@SphericalWarper@detail@cv@@UEAA?AV?$Rect_@H@3@V?$Size_@H@3@AEBV_InputArray@3@1AEBV_OutputArray@3@2@Z)
main.obj : error LNK2001: unresolved external symbol "public: static struct cv::Ptr<class cv::detail::Blender> __cdecl cv::detail::Blender::createDefault(int,bool)" (?createDefault@Blender@detail@cv@@SA?AU?$Ptr@VBlender@detail@cv@@@3@H_N@Z)
main.obj : error LNK2001: unresolved external symbol "public: __cdecl cv::detail::BestOf2NearestMatcher::BestOf2NearestMatcher(bool,float,int,int)" (??0BestOf2NearestMatcher@detail@cv@@QEAA@_NMHH@Z)
main.obj : error LNK2001: unresolved external symbol "private: virtual bool __cdecl cv::detail::HomographyBasedEstimator::estimate(class std::vector<struct cv::detail::ImageFeatures,class std::allocator<struct cv::detail::ImageFeatures> > const &,class std::vector<struct cv::detail::MatchesInfo,class std::allocator<struct cv::detail::MatchesInfo> > const &,class std::vector<struct cv::detail::CameraParams,class std::allocator<struct cv::detail::CameraParams> > &)" (?estimate@HomographyBasedEstimator@detail@cv@@EEAA_NAEBV?$vector@UImageFeatures@detail@cv@@V?$allocator@UImageFeatures@detail@cv@@@std@@@std@@AEBV?$vector@UMatchesInfo@detail@cv@@V?$allocator@UMatchesInfo@detail@cv@@@std@@@5@AEAV?$vector@UCameraParams@detail@cv@@V?$allocator@UCameraParams@detail@cv@@@std@@@5@@Z)
main.obj : error LNK2001: unresolved external symbol "public: void __cdecl cv::detail::ExposureCompensator::feed(class std::vector<class cv::Point_<int>,class std::allocator<class cv::Point_<int> > > const &,class std::vector<class cv::UMat,class std::allocator<class cv::UMat> > const &,class std::vector<class cv::UMat,class std::allocator<class cv::UMat> > const &)" (?feed@ExposureCompensator@detail@cv@@QEAAXAEBV?$vector@V?$Point_@H@cv@@V?$allocator@V?$Point_@H@cv@@@std@@@std@@AEBV?$vector@VUMat@cv@@V?$allocator@VUMat@cv@@@std@@@5@1@Z)
main.obj : error LNK2001: unresolved external symbol "public: static struct cv::Ptr<class cv::detail::ExposureCompensator> __cdecl cv::detail::ExposureCompensator::createDefault(int)" (?createDefault@ExposureCompensator@detail@cv@@SA?AU?$Ptr@VExposureCompensator@detail@cv@@@3@H@Z)
main.obj : error LNK2001: unresolved external symbol "public: void __cdecl cv::detail::FeaturesMatcher::operator()(class std::vector<struct cv::detail::ImageFeatures,class std::allocator<struct cv::detail::ImageFeatures> > const &,class std::vector<struct cv::detail::MatchesInfo,class std::allocator<struct cv::detail::MatchesInfo> > &,class cv::UMat const &)" (??RFeaturesMatcher@detail@cv@@QEAAXAEBV?$vector@UImageFeatures@detail@cv@@V?$allocator@UImageFeatures@detail@cv@@@std@@@std@@AEAV?$vector@UMatchesInfo@detail@cv@@V?$allocator@UMatchesInfo@detail@cv@@@std@@@4@AEBVUMat@2@@Z)
main.obj : error LNK2001: unresolved external symbol "void __cdecl cv::detail::waveCorrect(class std::vector<class cv::Mat,class std::allocator<class cv::Mat> > &,enum cv::detail::WaveCorrectKind)" (?waveCorrect@detail@cv@@YAXAEAV?$vector@VMat@cv@@V?$allocator@VMat@cv@@@std@@@std@@W4WaveCorrectKind@12@@Z)
main.obj : error LNK2001: unresolved external symbol "protected: virtual bool __cdecl cv::detail::BundleAdjusterBase::estimate(class std::vector<struct cv::detail::ImageFeatures,class std::allocator<struct cv::detail::ImageFeatures> > const &,class std::vector<struct cv::detail::MatchesInfo,class std::allocator<struct cv::detail::MatchesInfo> > const &,class std::vector<struct cv::detail::CameraParams,class std::allocator<struct cv::detail::CameraParams> > &)" (?estimate@BundleAdjusterBase@detail@cv@@MEAA_NAEBV?$vector@UImageFeatures@detail@cv@@V?$allocator@UImageFeatures@detail@cv@@@std@@@std@@AEBV?$vector@UMatchesInfo@detail@cv@@V?$allocator@UMatchesInfo@detail@cv@@@std@@@5@AEAV?$vector@UCameraParams@detail@cv@@V?$allocator@UCameraParams@detail@cv@@@std@@@5@@Z)
main.obj : error LNK2001: unresolved external symbol "class std::vector<int,class std::allocator<int> > __cdecl cv::detail::leaveBiggestComponent(class std::vector<struct cv::detail::ImageFeatures,class std::allocator<struct cv::detail::ImageFeatures> > &,class std::vector<struct cv::detail::MatchesInfo,class std::allocator<struct cv::detail::MatchesInfo> > &,float)" (?leaveBiggestComponent@detail@cv@@YA?AV?$vector@HV?$allocator@H@std@@@std@@AEAV?$vector@UImageFeatures@detail@cv@@V?$allocator@UImageFeatures@detail@cv@@@std@@@4@AEAV?$vector@UMatchesInfo@detail@cv@@V?$allocator@UMatchesInfo@detail@cv@@@std@@@4@M@Z)
main.obj : error LNK2001: unresolved external symbol "public: void __cdecl cv::detail::ProjectorBase::setCameraParams(class cv::_InputArray const &,class cv::_InputArray const &,class cv::_InputArray const &)" (?setCameraParams@ProjectorBase@detail@cv@@QEAAXAEBV_InputArray@3@00@Z)
main.obj : error LNK2001: unresolved external symbol "class cv::Rect_<int> __cdecl cv::detail::resultRoi(class std::vector<class cv::Point_<int>,class std::allocator<class cv::Point_<int> > > const &,class std::vector<class cv::Size_<int>,class std::allocator<class cv::Size_<int> > > const &)" (?resultRoi@detail@cv@@YA?AV?$Rect_@H@2@AEBV?$vector@V?$Point_@H@cv@@V?$allocator@V?$Point_@H@cv@@@std@@@std@@AEBV?$vector@V?$Size_@H@cv@@V?$allocator@V?$Size_@H@cv@@@std@@@5@@Z)
main.obj : error LNK2001: unresolved external symbol "void __cdecl cv::detail::computeImageFeatures(struct cv::Ptr<class cv::Feature2D> const &,class cv::_InputArray const &,struct cv::detail::ImageFeatures &,class cv::_InputArray const &)" (?computeImageFeatures@detail@cv@@YAXAEBU?$Ptr@VFeature2D@cv@@@2@AEBV_InputArray@2@AEAUImageFeatures@12@1@Z)
main.obj : error LNK2001: unresolved external symbol "public: __cdecl cv::detail::GraphCutSeamFinder::GraphCutSeamFinder(int,float,float)" (??0GraphCutSeamFinder@detail@cv@@QEAA@HMM@Z)
main.obj : error LNK2001: unresolved external symbol "public: class cv::Mat __cdecl cv::detail::CameraParams::K(void)const " (?K@CameraParams@detail@cv@@QEBA?AVMat@3@XZ)
main.obj : error LNK2001: unresolved external symbol "void __cdecl cv::error(int,class std::basic_string<char,struct std::char_traits<char>,class std::allocator<char> > const &,char const *,char const *,int)" (?error@cv@@YAXHAEBV?$basic_string@DU?$char_traits@D@std@@V?$allocator@D@2@@std@@PEBD1H@Z)
main.obj : error LNK2001: unresolved external symbol "public: static struct cv::Ptr<class cv::xfeatures2d::SURF> __cdecl cv::xfeatures2d::SURF::create(double,int,int,bool,bool)" (?create@SURF@xfeatures2d@cv@@SA?AU?$Ptr@VSURF@xfeatures2d@cv@@@3@NHH_N0@Z)
main.obj : error LNK2001: unresolved external symbol "class std::basic_string<char,struct std::char_traits<char>,class std::allocator<char> > __cdecl cv::samples::findFile(class std::basic_string<char,struct std::char_traits<char>,class std::allocator<char> > const &,bool,bool)" (?findFile@samples@cv@@YA?AV?$basic_string@DU?$char_traits@D@std@@V?$allocator@D@2@@std@@AEBV34@_N1@Z)
main.obj : error LNK2001: unresolved external symbol "public: int __cdecl cv::_InputArray::type(int)const " (?type@_InputArray@cv@@QEBAHH@Z)
main.obj : error LNK2001: unresolved external symbol "public: class cv::Size_<int> __cdecl cv::_InputArray::size(int)const " (?size@_InputArray@cv@@QEBA?AV?$Size_@H@2@H@Z)
main.obj : error LNK2001: unresolved external symbol "public: enum cv::_InputArray::KindFlag __cdecl cv::_InputArray::kind(void)const " (?kind@_InputArray@cv@@QEBA?AW4KindFlag@12@XZ)
main.obj : error LNK2001: unresolved external symbol "public: class cv::Mat __cdecl cv::_InputArray::getMat_(int)const " (?getMat_@_InputArray@cv@@QEBA?AVMat@2@H@Z)
main.obj : error LNK2001: unresolved external symbol "void __cdecl cv::resize(class cv::_InputArray const &,class cv::_OutputArray const &,class cv::Size_<int>,double,double,int)" (?resize@cv@@YAXAEBV_InputArray@1@AEBV_OutputArray@1@V?$Size_@H@1@NNH@Z)
C:\Users\kacma\source\repos\ImageStitcherOpenCV\x64\Release\ImageStitcher.exe : fatal error LNK1120: 52 unresolved externals
